2024/06/13 04:00:41 In Logic Company: TSM
2024/06/13 04:00:41 -----EPS區間 (最新) 2024-03-31 00:00:00 ; 5.100000 ------:
2024/06/13 04:00:41 -----EPS區間 2023-12-31 00:00:00 ;  4.990000 ------:
2024/06/13 04:00:41 前期 EPS 區間: 2024-03-31 00:00:00 +0000 +0000
2024/06/13 04:00:41 -----EPS區間 2023-09-30 00:00:00 ;  5.330000 ------:
2024/06/13 04:00:41 前期 EPS 區間: 2023-12-31 00:00:00 +0000 +0000
2024/06/13 04:00:41 -----EPS區間 2023-06-30 00:00:00 ;  5.740000 ------:
2024/06/13 04:00:41 前期 EPS 區間: 2023-09-30 00:00:00 +0000 +0000
2024/06/13 04:00:41 -----EPS區間 2023-03-31 00:00:00 ;  6.070000 ------:
2024/06/13 04:00:41 前期 EPS 區間: 2023-06-30 00:00:00 +0000 +0000
2024/06/13 04:00:41 -----EPS區間 2022-12-31 00:00:00 ;  6.050000 ------:
2024/06/13 04:00:41 前期 EPS 區間: 2023-03-31 00:00:00 +0000 +0000
2024/06/13 04:00:41 -----EPS區間 2022-09-30 00:00:00 ;  5.280000 ------:
2024/06/13 04:00:41 前期 EPS 區間: 2022-12-31 00:00:00 +0000 +0000
2024/06/13 04:00:41 -----EPS區間 2022-06-30 00:00:00 ;  4.540000 ------:
2024/06/13 04:00:41 前期 EPS 區間: 2022-09-30 00:00:00 +0000 +0000
2024/06/13 04:00:41 -----EPS區間 2022-03-31 00:00:00 ;  3.920000 ------:
2024/06/13 04:00:41 前期 EPS 區間: 2022-06-30 00:00:00 +0000 +0000
2024/06/13 04:00:41 -----EPS區間 2021-12-31 00:00:00 ;  3.550000 ------:
2024/06/13 04:00:41 前期 EPS 區間: 2022-03-31 00:00:00 +0000 +0000
2024/06/13 04:00:41 -----EPS區間 2021-09-30 00:00:00 ;  3.410000 ------:
2024/06/13 04:00:41 前期 EPS 區間: 2021-12-31 00:00:00 +0000 +0000
2024/06/13 04:00:41 -----EPS區間 2021-06-30 00:00:00 ;  3.300000 ------:
2024/06/13 04:00:41 前期 EPS 區間: 2021-09-30 00:00:00 +0000 +0000
2024/06/13 04:00:41 -----EPS區間 2021-03-31 00:00:00 ;  3.220000 ------:
2024/06/13 04:00:41 前期 EPS 區間: 2021-06-30 00:00:00 +0000 +0000
2024/06/13 04:00:41 -----EPS區間 2020-12-31 00:00:00 ;  3.080000 ------:
2024/06/13 04:00:41 前期 EPS 區間: 2021-03-31 00:00:00 +0000 +0000
2024/06/13 04:00:41 -----EPS區間 2020-09-30 00:00:00 ;  2.920000 ------:
2024/06/13 04:00:41 前期 EPS 區間: 2020-12-31 00:00:00 +0000 +0000
2024/06/13 04:00:41 -----EPS區間 2020-06-30 00:00:00 ;  2.710000 ------:
2024/06/13 04:00:41 前期 EPS 區間: 2020-09-30 00:00:00 +0000 +0000
2024/06/13 04:00:41 -----EPS區間 2020-03-31 00:00:00 ;  2.380000 ------:
2024/06/13 04:00:41 前期 EPS 區間: 2020-06-30 00:00:00 +0000 +0000
2024/06/13 04:00:41 -----EPS區間 2019-12-31 00:00:00 ;  2.050000 ------:
2024/06/13 04:00:41 前期 EPS 區間: 2020-03-31 00:00:00 +0000 +0000
2024/06/13 04:00:41 -----EPS區間 2019-09-30 00:00:00 ;  1.960000 ------:
2024/06/13 04:00:41 前期 EPS 區間: 2019-12-31 00:00:00 +0000 +0000
2024/06/13 04:00:41 -----EPS區間 2019-06-30 00:00:00 ;  1.890000 ------:
2024/06/13 04:00:41 前期 EPS 區間: 2019-09-30 00:00:00 +0000 +0000
2024/06/13 04:00:41 -----EPS區間 2019-03-31 00:00:00 ;  1.920000 ------:
2024/06/13 04:00:41 前期 EPS 區間: 2019-06-30 00:00:00 +0000 +0000
2024/06/13 04:00:41 -----EPS區間 2018-12-31 00:00:00 ;  2.090000 ------:
2024/06/13 04:00:41 前期 EPS 區間: 2019-03-31 00:00:00 +0000 +0000
2024/06/13 04:00:41 -----EPS區間 2018-09-30 00:00:00 ;  2.080000 ------:
2024/06/13 04:00:41 前期 EPS 區間: 2018-12-31 00:00:00 +0000 +0000
2024/06/13 04:00:41 -----EPS區間 2018-06-30 00:00:00 ;  2.090000 ------:
2024/06/13 04:00:41 前期 EPS 區間: 2018-09-30 00:00:00 +0000 +0000
2024/06/13 04:00:41 -----EPS區間 2018-03-31 00:00:00 ;  2.050000 ------:
2024/06/13 04:00:41 前期 EPS 區間: 2018-06-30 00:00:00 +0000 +0000
2024/06/13 04:00:41 -----EPS區間 2017-12-31 00:00:00 ;  2.040000 ------:
2024/06/13 04:00:41 前期 EPS 區間: 2018-03-31 00:00:00 +0000 +0000
2024/06/13 04:00:41 -----EPS區間 2017-09-30 00:00:00 ;  2.050000 ------:
2024/06/13 04:00:41 前期 EPS 區間: 2017-12-31 00:00:00 +0000 +0000
2024/06/13 04:00:41 -----EPS區間 2017-06-30 00:00:00 ;  2.090000 ------:
2024/06/13 04:00:41 前期 EPS 區間: 2017-09-30 00:00:00 +0000 +0000
2024/06/13 04:00:41 -----EPS區間 2017-03-31 00:00:00 ;  2.120000 ------:
2024/06/13 04:00:41 前期 EPS 區間: 2017-06-30 00:00:00 +0000 +0000
2024/06/13 04:00:41 -----EPS區間 2016-12-31 00:00:00 ;  1.990000 ------:
2024/06/13 04:00:41 前期 EPS 區間: 2017-03-31 00:00:00 +0000 +0000
2024/06/13 04:00:41 -----EPS區間 2016-09-30 00:00:00 ;  1.830000 ------:
2024/06/13 04:00:41 前期 EPS 區間: 2016-12-31 00:00:00 +0000 +0000
2024/06/13 04:00:41 -----EPS區間 2016-06-30 00:00:00 ;  1.700000 ------:
2024/06/13 04:00:41 前期 EPS 區間: 2016-09-30 00:00:00 +0000 +0000
2024/06/13 04:00:41 -----EPS區間 2016-03-31 00:00:00 ;  1.740000 ------:
2024/06/13 04:00:41 前期 EPS 區間: 2016-06-30 00:00:00 +0000 +0000
2024/06/13 04:00:41 -----EPS區間 2015-12-31 00:00:00 ;  1.820000 ------:
2024/06/13 04:00:41 前期 EPS 區間: 2016-03-31 00:00:00 +0000 +0000
2024/06/13 04:00:41 -----EPS區間 2015-09-30 00:00:00 ;  1.870000 ------:
2024/06/13 04:00:41 前期 EPS 區間: 2015-12-31 00:00:00 +0000 +0000
2024/06/13 04:00:41 -----EPS區間 2015-06-30 00:00:00 ;  1.870000 ------:
2024/06/13 04:00:41 前期 EPS 區間: 2015-09-30 00:00:00 +0000 +0000
2024/06/13 04:00:41 -----EPS區間 2015-03-31 00:00:00 ;  1.760000 ------:
2024/06/13 04:00:41 前期 EPS 區間: 2015-06-30 00:00:00 +0000 +0000
2024/06/13 04:00:41 CheckColumnExist SQL :   SELECT COUNT(*) FROM information_schema.columns WHERE table_schema='public' AND table_name ='TSM_PE' AND column_name ='TSM';
2024/06/13 04:00:41 count:1
2024/06/13 04:00:41  =======已存在 Table TSM_PE,寫入資料中 =======
2024/06/13 04:00:41 AddPE TSM 2024-06-12 00:00:00 +0000 UTC 日期紀錄已存在，停止插入操作。
2024/06/13 04:00:41 In Logic Company: NVDA
2024/06/13 04:00:41 -----EPS區間 (最新) 2024-04-28 00:00:00 ; 17.090000 ------:
2024/06/13 04:00:41 -----EPS區間 2024-01-28 00:00:00 ;  11.930000 ------:
2024/06/13 04:00:41 前期 EPS 區間: 2024-04-28 00:00:00 +0000 +0000
2024/06/13 04:00:41 -----EPS區間 2023-10-29 00:00:00 ;  7.570000 ------:
2024/06/13 04:00:41 前期 EPS 區間: 2024-01-28 00:00:00 +0000 +0000
2024/06/13 04:00:41 -----EPS區間 2023-07-30 00:00:00 ;  4.140000 ------:
2024/06/13 04:00:41 前期 EPS 區間: 2023-10-29 00:00:00 +0000 +0000
2024/06/13 04:00:41 -----EPS區間 2023-04-30 00:00:00 ;  1.920000 ------:
2024/06/13 04:00:41 前期 EPS 區間: 2023-07-30 00:00:00 +0000 +0000
2024/06/13 04:00:41 -----EPS區間 2023-01-29 00:00:00 ;  1.740000 ------:
2024/06/13 04:00:41 前期 EPS 區間: 2023-04-30 00:00:00 +0000 +0000
2024/06/13 04:00:41 -----EPS區間 2022-10-30 00:00:00 ;  2.350000 ------:
2024/06/13 04:00:41 前期 EPS 區間: 2023-01-29 00:00:00 +0000 +0000
2024/06/13 04:00:41 -----EPS區間 2022-07-31 00:00:00 ;  3.050000 ------:
2024/06/13 04:00:41 前期 EPS 區間: 2022-10-30 00:00:00 +0000 +0000
2024/06/13 04:00:41 -----EPS區間 2022-05-01 00:00:00 ;  3.730000 ------:
2024/06/13 04:00:41 前期 EPS 區間: 2022-07-31 00:00:00 +0000 +0000
2024/06/13 04:00:41 -----EPS區間 2022-01-30 00:00:00 ;  3.850000 ------:
2024/06/13 04:00:41 前期 EPS 區間: 2022-05-01 00:00:00 +0000 +0000
2024/06/13 04:00:41 -----EPS區間 2021-10-31 00:00:00 ;  3.240000 ------:
2024/06/13 04:00:41 前期 EPS 區間: 2022-01-30 00:00:00 +0000 +0000
2024/06/13 04:00:41 -----EPS區間 2021-08-01 00:00:00 ;  2.800000 ------:
2024/06/13 04:00:41 前期 EPS 區間: 2021-10-31 00:00:00 +0000 +0000
2024/06/13 04:00:41 -----EPS區間 2021-05-02 00:00:00 ;  2.110000 ------:
2024/06/13 04:00:41 前期 EPS 區間: 2021-08-01 00:00:00 +0000 +0000
2024/06/13 04:00:41 -----EPS區間 2021-01-31 00:00:00 ;  1.720000 ------:
2024/06/13 04:00:41 前期 EPS 區間: 2021-05-02 00:00:00 +0000 +0000
2024/06/13 04:00:41 -----EPS區間 2020-10-25 00:00:00 ;  1.530000 ------:
2024/06/13 04:00:41 前期 EPS 區間: 2021-01-31 00:00:00 +0000 +0000
2024/06/13 04:00:41 -----EPS區間 2020-07-26 00:00:00 ;  1.360000 ------:
2024/06/13 04:00:41 前期 EPS 區間: 2020-10-25 00:00:00 +0000 +0000
2024/06/13 04:00:41 -----EPS區間 2020-04-26 00:00:00 ;  1.340000 ------:
2024/06/13 04:00:41 前期 EPS 區間: 2020-07-26 00:00:00 +0000 +0000
2024/06/13 04:00:41 -----EPS區間 2020-01-26 00:00:00 ;  1.130000 ------:
2024/06/13 04:00:41 前期 EPS 區間: 2020-04-26 00:00:00 +0000 +0000
2024/06/13 04:00:41 -----EPS區間 2019-10-27 00:00:00 ;  0.980000 ------:
2024/06/13 04:00:41 前期 EPS 區間: 2020-01-26 00:00:00 +0000 +0000
2024/06/13 04:00:41 -----EPS區間 2019-07-28 00:00:00 ;  1.100000 ------:
2024/06/13 04:00:41 前期 EPS 區間: 2019-10-27 00:00:00 +0000 +0000
2024/06/13 04:00:41 -----EPS區間 2019-04-28 00:00:00 ;  1.320000 ------:
2024/06/13 04:00:41 前期 EPS 區間: 2019-07-28 00:00:00 +0000 +0000
2024/06/13 04:00:41 -----EPS區間 2019-01-27 00:00:00 ;  1.660000 ------:
2024/06/13 04:00:41 前期 EPS 區間: 2019-04-28 00:00:00 +0000 +0000
2024/06/13 04:00:41 -----EPS區間 2018-10-28 00:00:00 ;  1.870000 ------:
2024/06/13 04:00:41 前期 EPS 區間: 2019-01-27 00:00:00 +0000 +0000
2024/06/13 04:00:41 -----EPS區間 2018-07-29 00:00:00 ;  1.710000 ------:
2024/06/13 04:00:41 前期 EPS 區間: 2018-10-28 00:00:00 +0000 +0000
2024/06/13 04:00:41 -----EPS區間 2018-04-29 00:00:00 ;  1.500000 ------:
2024/06/13 04:00:41 前期 EPS 區間: 2018-07-29 00:00:00 +0000 +0000
2024/06/13 04:00:41 -----EPS區間 2018-01-28 00:00:00 ;  1.210000 ------:
2024/06/13 04:00:41 前期 EPS 區間: 2018-04-29 00:00:00 +0000 +0000
2024/06/13 04:00:41 -----EPS區間 2017-10-29 00:00:00 ;  1.000000 ------:
2024/06/13 04:00:41 前期 EPS 區間: 2018-01-28 00:00:00 +0000 +0000
2024/06/13 04:00:41 -----EPS區間 2017-07-30 00:00:00 ;  0.870000 ------:
2024/06/13 04:00:41 前期 EPS 區間: 2017-10-29 00:00:00 +0000 +0000
2024/06/13 04:00:41 -----EPS區間 2017-04-30 00:00:00 ;  0.750000 ------:
2024/06/13 04:00:41 前期 EPS 區間: 2017-07-30 00:00:00 +0000 +0000
2024/06/13 04:00:41 -----EPS區間 2017-01-29 00:00:00 ;  0.630000 ------:
2024/06/13 04:00:41 前期 EPS 區間: 2017-04-30 00:00:00 +0000 +0000
2024/06/13 04:00:41 -----EPS區間 2016-10-30 00:00:00 ;  0.490000 ------:
2024/06/13 04:00:41 前期 EPS 區間: 2017-01-29 00:00:00 +0000 +0000
2024/06/13 04:00:41 -----EPS區間 2016-07-31 00:00:00 ;  0.390000 ------:
2024/06/13 04:00:41 前期 EPS 區間: 2016-10-30 00:00:00 +0000 +0000
2024/06/13 04:00:41 -----EPS區間 2016-05-01 00:00:00 ;  0.300000 ------:
2024/06/13 04:00:41 前期 EPS 區間: 2016-07-31 00:00:00 +0000 +0000
2024/06/13 04:00:41 -----EPS區間 2016-01-31 00:00:00 ;  0.270000 ------:
2024/06/13 04:00:41 前期 EPS 區間: 2016-05-01 00:00:00 +0000 +0000
2024/06/13 04:00:41 -----EPS區間 2015-10-25 00:00:00 ;  0.270000 ------:
2024/06/13 04:00:41 前期 EPS 區間: 2016-01-31 00:00:00 +0000 +0000
2024/06/13 04:00:41 -----EPS區間 2015-07-26 00:00:00 ;  0.240000 ------:
2024/06/13 04:00:41 前期 EPS 區間: 2015-10-25 00:00:00 +0000 +0000
2024/06/13 04:00:41 -----EPS區間 2015-04-26 00:00:00 ;  0.280000 ------:
2024/06/13 04:00:41 前期 EPS 區間: 2015-07-26 00:00:00 +0000 +0000
2024/06/13 04:00:41 -----EPS區間 2015-01-25 00:00:00 ;  0.280000 ------:
2024/06/13 04:00:41 前期 EPS 區間: 2015-04-26 00:00:00 +0000 +0000
2024/06/13 04:00:41 CheckColumnExist SQL :   SELECT COUNT(*) FROM information_schema.columns WHERE table_schema='public' AND table_name ='NVDA_PE' AND column_name ='NVDA';
2024/06/13 04:00:41 count:1
2024/06/13 04:00:41  =======已存在 Table NVDA_PE,寫入資料中 =======
2024/06/13 04:00:41 AddPE NVDA 2024-06-11 00:00:00 +0000 UTC 日期紀錄已存在，停止插入操作。
2024/06/13 04:00:41 ok
2024/06/13 04:00:41 / Step4: Gen plot link
